#
# There is insufficient memory for the Java Runtime Environment to continue.
# Native memory allocation (mmap) failed to map 268435456 bytes for G1 virtual space
# Possible reasons:
#   The system is out of physical RAM or swap space
#   The process is running with CompressedOops enabled, and the Java Heap may be blocking the growth of the native heap
# Possible solutions:
#   Reduce memory load on the system
#   Increase physical memory or swap space
#   Check if swap backing store is full
#   Decrease Java heap size (-Xmx/-Xms)
#   Decrease number of Java threads
#   Decrease Java thread stack sizes (-Xss)
#   Set larger code cache with -XX:ReservedCodeCacheSize=
#   JVM is running with Zero Based Compressed Oops mode in which the Java heap is
#     placed in the first 32GB address space. The Java Heap base address is the
#     maximum limit for the native heap growth. Please use -XX:HeapBaseMinAddress
#     to set the Java Heap base and to place the Java Heap above 32GB virtual address.
# This output file may be truncated or incomplete.
#
#  Out of Memory Error (os_windows.cpp:3769), pid=18868, tid=8964
#
# JRE version:  (17.0.6) (build )
# Java VM: OpenJDK 64-Bit Server VM (17.0.6+0-b2043.56-10027231, mixed mode, sharing, tiered, compressed oops, compressed class ptrs, g1 gc, windows-amd64)
# No core dump will be written. Minidumps are not enabled by default on client versions of Windows
#

---------------  S U M M A R Y ------------

Command Line: org.jetbrains.kotlin.cli.jvm.K2JVMCompiler @C:\Users\mdd20\AndroidStudioProjects\CameraAndriod\app\build\20240526_12164980598665363551.compiler.options

Host: Intel(R) Core(TM) i5-6400 CPU @ 2.70GHz, 4 cores, 15G,  Windows 10 , 64 bit Build 19041 (10.0.19041.3636)
Time: Sun May 26 23:11:19 2024 RTZ 6 (s 10 , 64 bit Build 19041 (10.0.19041.3636) elapsed time: 0.016734 seconds (0d 0h 0m 0s)

---------------  T H R E A D  ---------------

Current thread (0x0000023e1ac21fe0):  JavaThread "Unknown thread" [_thread_in_vm, id=8964, stack(0x000000f82a000000,0x000000f82a100000)]

Stack: [0x000000f82a000000,0x000000f82a100000]
Native frames: (J=compiled Java code, j=interpreted, Vv=VM code, C=native code)
V  [jvm.dll+0x683c9a]
V  [jvm.dll+0x8427a4]
V  [jvm.dll+0x843f9e]
V  [jvm.dll+0x844603]
V  [jvm.dll+0x249b75]
V  [jvm.dll+0x680b69]
V  [jvm.dll+0x67505a]
V  [jvm.dll+0x309acb]
V  [jvm.dll+0x310f86]
V  [jvm.dll+0x3608ee]
V  [jvm.dll+0x360b1f]
V  [jvm.dll+0x2dfbf8]
V  [jvm.dll+0x2e0b64]
V  [jvm.dll+0x814091]
V  [jvm.dll+0x36e6a1]
V  [jvm.dll+0x7f35cc]
V  [jvm.dll+0x3f0e8f]
V  [jvm.dll+0x3f29d1]
C  [jli.dll+0x526b]
C  [ucrtbase.dll+0x21bb2]
C  [KERNEL32.DLL+0x17344]
C  [ntdll.dll+0x526b1]


---------------  P R O C E S S  ---------------

Threads class SMR info:
_java_thread_list=0x00007ffb2fa4c058, length=0, elements={
}

Java Threads: ( => current thread )

Other Threads:
  0x0000023e1ac8c120 GCTaskThread "GC Thread#0" [stack: 0x000000f82a200000,0x000000f82a300000] [id=11924]
  0x0000023e1ac9e290 ConcurrentGCThread "G1 Main Marker" [stack: 0x000000f82a300000,0x000000f82a400000] [id=13376]
  0x0000023e1ac9ebb0 ConcurrentGCThread "G1 Conc#0" [stack: 0x000000f82a400000,0x000000f82a500000] [id=1144]

[error occurred during error reporting (printing all threads), id 0xc0000005, EXCEPTION_ACCESS_VIOLATION (0xc0000005) at pc=0x00007ffb2f200797]

VM state: not at safepoint (not fully initialized)

VM Mutex/Monitor currently owned by a thread:  ([mutex/lock_event])
[0x0000023e1ac1d390] Heap_lock - owner thread: 0x0000023e1ac21fe0

Heap address: 0x0000000700e00000, size: 4082 MB, Compressed Oops mode: Zero based, Oop shift amount: 3

CDS archive(s) mapped at: [0x0000000000000000-0x0000000000000000-0x0000000000000000), size 0, SharedBaseAddress: 0x0000000800000000, ArchiveRelocationMode: 0.
Narrow klass base: 0x0000000000000000, Narrow klass shift: 0, Narrow klass range: 0x0

GC Precious Log:
<Empty>

Heap:
 garbage-first heap   total 0K, used 0K [0x0000000700e00000, 0x0000000800000000)
  region size 2048K, 0 young (0K), 0 survivors (0K)

[error occurred during error reporting (printing heap information), id 0xc0000005, EXCEPTION_ACCESS_VIOLATION (0xc0000005) at pc=0x00007ffb2f5eda89]

GC Heap History (0 events):
No events

Dll operation events (1 events):
Event: 0.008 Loaded shared library C:\Program Files\Android\Android Studio\jbr\bin\java.dll

Deoptimization events (0 events):
No events

Classes unloaded (0 events):
No events

Classes redefined (0 events):
No events

Internal exceptions (0 events):
No events

VM Operations (0 events):
No events

Events (0 events):
No events


Dynamic libraries:
0x00007ff7f23d0000 - 0x00007ff7f23da000 	C:\Program Files\Android\Android Studio\jbr\bin\java.exe
0x00007ffb7dd30000 - 0x00007ffb7df28000 	C:\Windows\SYSTEM32\ntdll.dll
0x00007ffb7cef0000 - 0x00007ffb7cfad000 	C:\Windows\System32\KERNEL32.DLL
0x00007ffb7b7d0000 - 0x00007ffb7bac6000 	C:\Windows\System32\KERNELBASE.dll
0x00007ffb7b6d0000 - 0x00007ffb7b7d0000 	C:\Windows\System32\ucrtbase.dll
0x00007ffb72660000 - 0x00007ffb72677000 	C:\Program Files\Android\Android Studio\jbr\bin\jli.dll
0x00007ffb7d070000 - 0x00007ffb7d20f000 	C:\Windows\System32\USER32.dll
0x00007ffb7bb60000 - 0x00007ffb7bb82000 	C:\Windows\System32\win32u.dll
0x00007ffb7d950000 - 0x00007ffb7d97b000 	C:\Windows\System32\GDI32.dll
0x00007ffb7b490000 - 0x00007ffb7b5a7000 	C:\Windows\System32\gdi32full.dll
0x00007ffb7b630000 - 0x00007ffb7b6cd000 	C:\Windows\System32\msvcp_win.dll
0x00007ffb70880000 - 0x00007ffb7089b000 	C:\Program Files\Android\Android Studio\jbr\bin\VCRUNTIME140.dll
0x00007ffb58420000 - 0x00007ffb586ba000 	C:\Windows\WinSxS\amd64_microsoft.windows.common-controls_6595b64144ccf1df_6.0.19041.3636_none_60b6a03d71f818d5\COMCTL32.dll
0x00007ffb7cd60000 - 0x00007ffb7cdfe000 	C:\Windows\System32\msvcrt.dll
0x00007ffb7cfb0000 - 0x00007ffb7cfe2000 	C:\Windows\System32\IMM32.DLL
0x00007ffb72a10000 - 0x00007ffb72a1c000 	C:\Program Files\Android\Android Studio\jbr\bin\vcruntime140_1.dll
0x00007ffb593c0000 - 0x00007ffb5944d000 	C:\Program Files\Android\Android Studio\jbr\bin\msvcp140.dll
0x00007ffb2ef10000 - 0x00007ffb2fb7e000 	C:\Program Files\Android\Android Studio\jbr\bin\server\jvm.dll
0x00007ffb7dc40000 - 0x00007ffb7dcf0000 	C:\Windows\System32\ADVAPI32.dll
0x00007ffb7cbf0000 - 0x00007ffb7cc90000 	C:\Windows\System32\sechost.dll
0x00007ffb7d770000 - 0x00007ffb7d893000 	C:\Windows\System32\RPCRT4.dll
0x00007ffb7b5b0000 - 0x00007ffb7b5d7000 	C:\Windows\System32\bcrypt.dll
0x00007ffb77080000 - 0x00007ffb77089000 	C:\Windows\SYSTEM32\WSOCK32.dll
0x00007ffb7d700000 - 0x00007ffb7d76b000 	C:\Windows\System32\WS2_32.dll
0x00007ffb6d120000 - 0x00007ffb6d147000 	C:\Windows\SYSTEM32\WINMM.dll
0x00007ffb73f60000 - 0x00007ffb73f6a000 	C:\Windows\SYSTEM32\VERSION.dll
0x00007ffb79290000 - 0x00007ffb792a2000 	C:\Windows\SYSTEM32\kernel.appcore.dll
0x00007ffb77050000 - 0x00007ffb7705a000 	C:\Program Files\Android\Android Studio\jbr\bin\jimage.dll
0x00007ffb732f0000 - 0x00007ffb734d4000 	C:\Windows\SYSTEM32\DBGHELP.DLL
0x00007ffb73b00000 - 0x00007ffb73b34000 	C:\Windows\SYSTEM32\dbgcore.DLL
0x00007ffb7bad0000 - 0x00007ffb7bb52000 	C:\Windows\System32\bcryptPrimitives.dll
0x00007ffb72860000 - 0x00007ffb72885000 	C:\Program Files\Android\Android Studio\jbr\bin\java.dll

dbghelp: loaded successfully - version: 4.0.5 - missing functions: none
symbol engine: initialized successfully - sym options: 0x614 - pdb path: .;C:\Program Files\Android\Android Studio\jbr\bin;C:\Windows\SYSTEM32;C:\Windows\WinSxS\amd64_microsoft.windows.common-controls_6595b64144ccf1df_6.0.19041.3636_none_60b6a03d71f818d5;C:\Program Files\Android\Android Studio\jbr\bin\server

VM Arguments:
java_command: org.jetbrains.kotlin.cli.jvm.K2JVMCompiler @C:\Users\mdd20\AndroidStudioProjects\CameraAndriod\app\build\20240526_12164980598665363551.compiler.options
java_class_path (initial): C:\Users\mdd20\.gradle\caches\modules-2\files-2.1\org.jetbrains.kotlin\kotlin-compiler-embeddable\1.8.10\b0757fd774344d54ce93f5ad6c30ba1c1731c8ff\kotlin-compiler-embeddable-1.8.10.jar;C:\Users\mdd20\.gradle\caches\modules-2\files-2.1\org.jetbrains.kotlin\kotlin-stdlib\1.8.10\6d5560a229477df9406943d5feda5618e98eb64c\kotlin-stdlib-1.8.10.jar;C:\Users\mdd20\.gradle\caches\modules-2\files-2.1\org.jetbrains.kotlin\kotlin-script-runtime\1.8.10\b13ea9c7e46d589139e56086a878763290e20bd5\kotlin-script-runtime-1.8.10.jar;C:\Users\mdd20\.gradle\caches\modules-2\files-2.1\org.jetbrains.kotlin\kotlin-reflect\1.6.10\1cbe9c92c12a94eea200d23c2bbaedaf3daf5132\kotlin-reflect-1.6.10.jar;C:\Users\mdd20\.gradle\caches\modules-2\files-2.1\org.jetbrains.kotlin\kotlin-daemon-embeddable\1.8.10\ad8541d9bc1cf9e52c3204161247910c2cf601d4\kotlin-daemon-embeddable-1.8.10.jar;C:\Users\mdd20\.gradle\caches\modules-2\files-2.1\org.jetbrains.intellij.deps\trove4j\1.0.20200330\3afb14d5f9ceb459d724e907a21145e8ff394f02\trove4j-1.0.20200330.jar;C:\Users\mdd20\.gradle\caches\modules-2\files-2.1\net.java.dev.jna\jna\5.6.0\330f2244e9030119ab3030fc3fededc86713d9cc\jna-5.6.0.jar;C:\Users\mdd20\.gradle\caches\modules-2\files-2.1\org.jetbrains.kotlin\kotlin-stdlib-common\1.8.10\a61b182458550492c12aee66157d7b524a63a5ec\kotlin-stdlib-common-1.8.10.jar;C:\Users\mdd20\.gradle\caches\modules-2\files-2.1\org.jetbrains\annotations\13.0\919f0dfe192fb4e063e7dacadee7f8bb9a2672a9\annotations-13.0.jar
Launcher Type: SUN_STANDARD

[Global flags]
     intx CICompilerCount                          = 3                                         {product} {ergonomic}
     uint ConcGCThreads                            = 1                                         {product} {ergonomic}
     uint G1ConcRefinementThreads                  = 4                                         {product} {ergonomic}
   size_t G1HeapRegionSize                         = 2097152                                   {product} {ergonomic}
    uintx GCDrainStackTargetSize                   = 64                                        {product} {ergonomic}
   size_t InitialHeapSize                          = 268435456                                 {product} {ergonomic}
   size_t MarkStackSize                            = 4194304                                   {product} {ergonomic}
   size_t MaxHeapSize                              = 4280287232                                {product} {ergonomic}
   size_t MinHeapDeltaBytes                        = 2097152                                   {product} {ergonomic}
   size_t MinHeapSize                              = 8388608                                   {product} {ergonomic}
    uintx NonNMethodCodeHeapSize                   = 5832780                                {pd product} {ergonomic}
    uintx NonProfiledCodeHeapSize                  = 122912730                              {pd product} {ergonomic}
    uintx ProfiledCodeHeapSize                     = 122912730                              {pd product} {ergonomic}
    uintx ReservedCodeCacheSize                    = 251658240                              {pd product} {ergonomic}
     bool SegmentedCodeCache                       = true                                      {product} {ergonomic}
   size_t SoftMaxHeapSize                          = 4280287232                             {manageable} {ergonomic}
     bool UseCompressedClassPointers               = true                           {product lp64_product} {ergonomic}
     bool UseCompressedOops                        = true                           {product lp64_product} {ergonomic}
     bool UseG1GC                                  = true                                      {product} {ergonomic}
     bool UseLargePagesIndividualAllocation        = false                                  {pd product} {ergonomic}

Logging:
Log output configuration:
 #0: stdout all=warning uptime,level,tags
 #1: stderr all=off uptime,level,tags

Environment Variables:
PATH=C:\Program Files (x86)\Common Files\Oracle\Java\javapath;C:\Program Files\Microsoft\jdk-11.0.12.7-hotspot\bin;c:\users\mdd20\gcc\bin;c:\users\mdd20\gcc\libexec\gcc\i686-pc-mingw32\12.2.0;C:\Program Files (x86)\Embarcadero\Studio\21.0\bin;C:\Users\Public\Documents\Embarcadero\Studio\21.0\Bpl;C:\Program Files (x86)\Embarcadero\Studio\21.0\bin64;C:\Users\Public\Documents\Embarcadero\Studio\21.0\Bpl\Win64;C:\Program Files (x86)\Embarcadero\Studio\22.0\bin;C:\Users\Public\Documents\Embarcadero\Studio\22.0\Bpl;C:\Program Files (x86)\Embarcadero\Studio\22.0\bin64;C:\Users\Public\Documents\Embarcadero\Studio\22.0\Bpl\Win64;C:\Windows\system32;C:\Windows;C:\Windows\System32\Wbem;C:\Windows\System32\WindowsPowerShell\v1.0\;C:\Windows\System32\OpenSSH\;C:\Program Files\Microsoft SQL Server\150\Tools\Binn\;C:\Program Files\Microsoft SQL Server\Client SDK\ODBC\170\Tools\Binn\;C:\Program Files\dotnet\;C:\Program Files (x86)\\FastReport VCL RAD\Bin;C:\Program Files\NVIDIA Corporation\NVIDIA NvDLISR;C:\Program Files (x86)\NVIDIA Corporation\PhysX\Common;C:\Program Files\Java\jdk-19\bin;C:\Program Files\Git\cmd;C:\Program Files\nodejs\;C:\Users\mdd20\AppData\Local\Programs\Python\Python37\Scripts\;C:\Users\mdd20\AppData\Local\Programs\Python\Python37\;C:\Program Files\MySQL\MySQL Shell 8.0\bin\;C:\Users\mdd20\AppData\Local\Microsoft\WindowsApps;C:\Users\mdd20\.dotnet\tools;C:\Users\mdd20\AppData\Local\Programs\Microsoft VS Code\bin;C:\Users\mdd20\AppData\Roaming\npm;C:\Program Files (x86)\Nmap;C:\Users\mdd20\AppData\Local\GitHubDesktop\bin
USERNAME=mdd20
OS=Windows_NT
PROCESSOR_IDENTIFIER=Intel64 Family 6 Model 94 Stepping 3, GenuineIntel
TMP=C:\Users\mdd20\AppData\Local\Temp
TEMP=C:\Users\mdd20\AppData\Local\Temp


JNI global refs:

[error occurred during error reporting (JNI global references), id 0xc0000005, EXCEPTION_ACCESS_VIOLATION (0xc0000005) at pc=0x00007ffb2efc7a10]


---------------  S Y S T E M  ---------------

OS:
 Windows 10 , 64 bit Build 19041 (10.0.19041.3636)
OS uptime: 27 days 20:42 hours

CPU: total 4 (initial active 4) (4 cores per cpu, 1 threads per core) family 6 model 94 stepping 3 microcode 0xcc, cx8, cmov, fxsr, mmx, 3dnowpref, sse, sse2, sse3, ssse3, sse4.1, sse4.2, popcnt, lzcnt, tsc, tscinvbit, avx, avx2, aes, erms, clmul, bmi1, bmi2, adx, fma, vzeroupper, clflush, clflushopt

Memory: 4k page, system-wide physical 16321M (3660M free)
TotalPageFile size 28766M (AvailPageFile size 44M)
current process WorkingSet (physical memory assigned to process): 10M, peak: 10M
current process commit charge ("private bytes"): 51M, peak: 307M

vm_info: OpenJDK 64-Bit Server VM (17.0.6+0-b2043.56-10027231) for windows-amd64 JRE (17.0.6+0-b2043.56-10027231), built on Apr 28 2023 00:43:19 by "androidbuild" with MS VC++ 16.10 / 16.11 (VS2019)

END.
